# JRE version: OpenJDK Runtime Environment (11.0.11+9) (build 11.0.11+9-b60-7590822)
# Java VM: OpenJDK 64-Bit Server VM (11.0.11+9-b60-7590822, mixed mode, tiered, compressed oops, g1 gc, windows-amd64)
Heap:
 garbage-first heap   total 262144K, used 70117K [0x0000000080000000, 0x0000000100000000)
  region size 1024K, 20 young (20480K), 3 survivors (3072K)
 Metaspace       used 60256K, capacity 61717K, committed 62140K, reserved 1103872K
  class space    used 7644K, capacity 8200K, committed 8344K, reserved 1048576K
GC Heap History (14 events):
Event: 0.618 GC heap before
{Heap before GC invocations=0 (full 0):
 garbage-first heap   total 262144K, used 29696K [0x0000000080000000, 0x0000000100000000)
  region size 1024K, 24 young (24576K), 0 survivors (0K)
 Metaspace       used 10196K, capacity 10435K, committed 10624K, reserved 1058816K
  class space    used 1068K, capacity 1138K, committed 1152K, reserved 1048576K
}
Event: 0.621 GC heap after
{Heap after GC invocations=1 (full 0):
 garbage-first heap   total 262144K, used 10014K [0x0000000080000000, 0x0000000100000000)
  region size 1024K, 3 young (3072K), 3 survivors (3072K)
 Metaspace       used 10196K, capacity 10435K, committed 10624K, reserved 1058816K
  class space    used 1068K, capacity 1138K, committed 1152K, reserved 1048576K
}
Event: 2.109 GC heap before
{Heap before GC invocations=1 (full 0):
 garbage-first heap   total 262144K, used 108318K [0x0000000080000000, 0x0000000100000000)
  region size 1024K, 100 young (102400K), 3 survivors (3072K)
 Metaspace       used 20661K, capacity 21116K, committed 21296K, reserved 1069056K
  class space    used 2532K, capacity 2660K, committed 2688K, reserved 1048576K
}
Event: 2.116 GC heap after
{Heap after GC invocations=2 (full 0):
 garbage-first heap   total 262144K, used 17341K [0x0000000080000000, 0x0000000100000000)
  region size 1024K, 11 young (11264K), 11 survivors (11264K)
 Metaspace       used 20661K, capacity 21116K, committed 21296K, reserved 1069056K
  class space    used 2532K, capacity 2660K, committed 2688K, reserved 1048576K
}
Event: 2.610 GC heap before
{Heap before GC invocations=3 (full 0):
 garbage-first heap   total 262144K, used 81853K [0x0000000080000000, 0x0000000100000000)
  region size 1024K, 74 young (75776K), 11 survivors (11264K)
 Metaspace       used 26829K, capacity 27450K, committed 27568K, reserved 1073152K
  class space    used 3534K, capacity 3738K, committed 3840K, reserved 1048576K
}
Event: 2.615 GC heap after
{Heap after GC invocations=4 (full 0):
 garbage-first heap   total 262144K, used 19468K [0x0000000080000000, 0x0000000100000000)
  region size 1024K, 3 young (3072K), 3 survivors (3072K)
 Metaspace       used 26829K, capacity 27450K, committed 27568K, reserved 1073152K
  class space    used 3534K, capacity 3738K, committed 3840K, reserved 1048576K
}
Event: 3.132 GC heap before
{Heap before GC invocations=4 (full 0):
 garbage-first heap   total 262144K, used 64524K [0x0000000080000000, 0x0000000100000000)
  region size 1024K, 49 young (50176K), 3 survivors (3072K)
 Metaspace       used 34900K, capacity 35660K, committed 35708K, reserved 1081344K
  class space    used 4538K, capacity 4861K, committed 4864K, reserved 1048576K
}
Event: 3.140 GC heap after
{Heap after GC invocations=5 (full 0):
 garbage-first heap   total 262144K, used 22649K [0x0000000080000000, 0x0000000100000000)
  region size 1024K, 6 young (6144K), 6 survivors (6144K)
 Metaspace       used 34900K, capacity 35660K, committed 35708K, reserved 1081344K
  class space    used 4538K, capacity 4861K, committed 4864K, reserved 1048576K
}
Event: 4.306 GC heap before
{Heap before GC invocations=6 (full 0):
 garbage-first heap   total 262144K, used 156793K [0x0000000080000000, 0x0000000100000000)
  region size 1024K, 134 young (137216K), 6 survivors (6144K)
 Metaspace       used 45861K, capacity 46935K, committed 47176K, reserved 1089536K
  class space    used 5889K, capacity 6323K, committed 6348K, reserved 1048576K
}
Event: 4.313 GC heap after
{Heap after GC invocations=7 (full 0):
 garbage-first heap   total 262144K, used 29603K [0x0000000080000000, 0x0000000100000000)
  region size 1024K, 13 young (13312K), 13 survivors (13312K)
 Metaspace       used 45861K, capacity 46935K, committed 47176K, reserved 1089536K
  class space    used 5889K, capacity 6323K, committed 6348K, reserved 1048576K
}
Event: 6.002 GC heap before
{Heap before GC invocations=7 (full 0):
 garbage-first heap   total 262144K, used 180131K [0x0000000080000000, 0x0000000100000000)
  region size 1024K, 152 young (155648K), 13 survivors (13312K)
 Metaspace       used 56889K, capacity 58238K, committed 58312K, reserved 1099776K
  class space    used 7212K, capacity 7721K, committed 7756K, reserved 1048576K
}
Event: 6.017 GC heap after
{Heap after GC invocations=8 (full 0):
 garbage-first heap   total 262144K, used 51316K [0x0000000080000000, 0x0000000100000000)
  region size 1024K, 19 young (19456K), 19 survivors (19456K)
 Metaspace       used 56889K, capacity 58238K, committed 58312K, reserved 1099776K
  class space    used 7212K, capacity 7721K, committed 7756K, reserved 1048576K
}
Event: 6.148 GC heap before
{Heap before GC invocations=8 (full 0):
 garbage-first heap   total 262144K, used 62580K [0x0000000080000000, 0x0000000100000000)
  region size 1024K, 31 young (31744K), 19 survivors (19456K)
 Metaspace       used 58628K, capacity 60014K, committed 60068K, reserved 1101824K
  class space    used 7456K, capacity 7995K, committed 8012K, reserved 1048576K
}
Event: 6.163 GC heap after
{Heap after GC invocations=9 (full 0):
 garbage-first heap   total 262144K, used 54757K [0x0000000080000000, 0x0000000100000000)
  region size 1024K, 3 young (3072K), 3 survivors (3072K)
 Metaspace       used 58628K, capacity 60014K, committed 60068K, reserved 1101824K
  class space    used 7456K, capacity 7995K, committed 8012K, reserved 1048576K
}

